2022-05-12 13:36:23 INFO  ControllerAcountBalance:51 - test Log
2022-05-12 13:44:01 INFO  ControllerAcountBalance:51 - test Log
2022-05-12 13:44:40 INFO  ControllerAcountBalance:41 - Serivce Get Sucsess
2022-05-12 13:44:40 INFO  ControllerAcountBalance:41 - Serivce Get Sucsess
2022-05-12 13:44:55 INFO  ControllerAcountBalance:60 - Send Mail Susses
2022-05-12 13:44:55 INFO  ControllerAcountBalance:87 - Chưa xác nhận được phương thức send Mail
2022-05-12 13:44:55 INFO  ControllerAcountBalance:93 - Get Data Sucsess
2022-05-12 13:46:16 INFO  ControllerAcountBalance:41 - Serivce Get Sucsess
2022-05-12 13:46:16 INFO  ControllerAcountBalance:81 - Send Mail With Telegram
2022-05-12 13:46:16 INFO  ControllerAcountBalance:41 - Serivce Get Sucsess
2022-05-12 13:46:16 INFO  ControllerAcountBalance:90 - Get Data Sucsess
2022-05-12 13:51:28 INFO  ControllerAcountBalance:41 - Serivce Get Sucsess
2022-05-12 13:51:28 INFO  ControllerAcountBalance:81 - Send Mail With Telegram
2022-05-12 13:51:28 INFO  ControllerAcountBalance:41 - Serivce Get Sucsess
2022-05-12 13:51:29 INFO  ControllerAcountBalance:90 - Get Data Sucsess
2022-05-12 13:52:15 INFO  ControllerAcountBalance:41 - Serivce Get Sucsess
2022-05-12 13:52:15 INFO  ControllerAcountBalance:78 - Send Mail With Gmail
2022-05-12 13:52:15 INFO  ControllerAcountBalance:41 - Serivce Get Sucsess
2022-05-12 13:52:30 INFO  ControllerAcountBalance:60 - Send Mail Susses
2022-05-12 13:52:30 INFO  ControllerAcountBalance:85 - Chưa xác nhận được phương thức send Mail
2022-05-12 13:52:30 INFO  ControllerAcountBalance:90 - Get Data Sucsess
2022-05-12 13:54:57 INFO  ControllerAcountBalance:41 - Serivce Get Sucsess
2022-05-12 13:54:57 INFO  ControllerAcountBalance:78 - Send Mail With Gmail
2022-05-12 13:54:57 INFO  ControllerAcountBalance:41 - Serivce Get Sucsess
2022-05-12 13:55:13 INFO  ControllerAcountBalance:60 - Send Mail Susses
2022-05-12 13:55:13 INFO  ControllerAcountBalance:90 - Get Data Sucsess
2022-05-12 13:56:26 INFO  ControllerAcountBalance:41 - Serivce Get Sucsess
2022-05-12 13:56:26 INFO  ControllerAcountBalance:85 - Chưa xác nhận được phương thức send Mail
2022-05-12 13:56:26 INFO  ControllerAcountBalance:90 - Get Data Sucsess
2022-05-12 13:57:21 INFO  ControllerAcountBalance:41 - Serivce Get Sucsess
2022-05-12 13:57:21 INFO  ControllerAcountBalance:86 - Chưa xác nhận được phương thức send Mail
2022-05-12 13:57:21 INFO  ControllerAcountBalance:91 - Get Data Sucsess
2022-05-12 13:59:00 INFO  ControllerAcountBalance:41 - Serivce Get Sucsess
2022-05-12 13:59:00 INFO  ControllerAcountBalance:86 - Chưa xác nhận được phương thức send Mail
2022-05-12 13:59:00 INFO  ControllerAcountBalance:91 - Get Data Sucsess
2022-05-12 14:00:26 INFO  ControllerAcountBalance:41 - Serivce Get Sucsess
2022-05-12 14:00:26 INFO  ControllerAcountBalance:86 - Chưa xác nhận được phương thức send Mail
2022-05-12 14:00:26 INFO  ControllerAcountBalance:91 - Get Data Sucsess
2022-05-12 14:12:09 INFO  ControllerAcountBalance:51 - test Log
2022-05-12 14:12:09 INFO  ControllerAcountBalance:41 - Serivce Get Sucsess
2022-05-12 14:14:08 INFO  ControllerAcountBalance:51 - test Log
2022-05-12 14:14:08 INFO  ControllerAcountBalance:41 - Serivce Get Sucsess
2022-05-12 14:14:23 INFO  ControllerAcountBalance:61 - Send Mail Susses
2022-05-12 14:30:19 INFO  ControllerAcountBalance:41 - Serivce Get Sucsess
2022-05-12 14:30:19 INFO  ControllerAcountBalance:87 - Chưa xác nhận được phương thức send Mail
2022-05-12 14:30:19 INFO  ControllerAcountBalance:92 - Get Data Sucsess
2022-05-12 14:31:29 INFO  ControllerAcountBalance:41 - Serivce Get Sucsess
2022-05-12 14:31:29 INFO  ControllerAcountBalance:80 - Send Mail With Gmail
2022-05-12 14:31:29 INFO  ControllerAcountBalance:41 - Serivce Get Sucsess
2022-05-12 14:31:46 INFO  ControllerAcountBalance:61 - Send Mail Susses
2022-05-12 14:31:46 INFO  ControllerAcountBalance:92 - Get Data Sucsess
2022-05-12 14:34:36 INFO  ControllerAcountBalance:41 - Serivce Get Sucsess
2022-05-12 14:34:36 INFO  ControllerAcountBalance:80 - Send Mail With Gmail
2022-05-12 14:34:36 INFO  ControllerAcountBalance:41 - Serivce Get Sucsess
2022-05-12 14:34:52 INFO  ControllerAcountBalance:61 - Send Mail Susses
2022-05-12 14:34:52 INFO  ControllerAcountBalance:92 - Get Data Sucsess
